<?xml version="1.0" encoding="UTF-8"?>
<testsuite xmlns:xsi="http://www.w3.org/2001/XMLSchema-instance" xsi:noNamespaceSchemaLocation="https://maven.apache.org/surefire/maven-surefire-plugin/xsd/surefire-test-report-3.0.xsd" version="3.0" name="com.zhimou.zhimou_service.ZhimouServiceApplicationTests" time="2.131" tests="1" errors="0" skipped="0" failures="0">
  <properties>
    <property name="java.specification.version" value="22"/>
    <property name="sun.cpu.isalist" value="amd64"/>
    <property name="sun.jnu.encoding" value="GBK"/>
    <property name="java.class.path" value="E:\develop\github\zhimou_band\zhimou_service\target\test-classes;E:\develop\github\zhimou_band\zhimou_service\target\classes;E:\develop\JAVA_preference\apache-maven-3.6.1\mvm_repos\org\springframework\boot\spring-boot-starter-web\3.3.1\spring-boot-starter-web-3.3.1.jar;E:\develop\JAVA_preference\apache-maven-3.6.1\mvm_repos\org\springframework\boot\spring-boot-starter\3.3.1\spring-boot-starter-3.3.1.jar;E:\develop\JAVA_preference\apache-maven-3.6.1\mvm_repos\org\springframework\boot\spring-boot\3.3.1\spring-boot-3.3.1.jar;E:\develop\JAVA_preference\apache-maven-3.6.1\mvm_repos\org\springframework\boot\spring-boot-starter-logging\3.3.1\spring-boot-starter-logging-3.3.1.jar;E:\develop\JAVA_preference\apache-maven-3.6.1\mvm_repos\ch\qos\logback\logback-classic\1.5.6\logback-classic-1.5.6.jar;E:\develop\JAVA_preference\apache-maven-3.6.1\mvm_repos\ch\qos\logback\logback-core\1.5.6\logback-core-1.5.6.jar;E:\develop\JAVA_preference\apache-maven-3.6.1\mvm_repos\org\apache\logging\log4j\log4j-to-slf4j\2.23.1\log4j-to-slf4j-2.23.1.jar;E:\develop\JAVA_preference\apache-maven-3.6.1\mvm_repos\org\apache\logging\log4j\log4j-api\2.23.1\log4j-api-2.23.1.jar;E:\develop\JAVA_preference\apache-maven-3.6.1\mvm_repos\org\slf4j\jul-to-slf4j\2.0.13\jul-to-slf4j-2.0.13.jar;E:\develop\JAVA_preference\apache-maven-3.6.1\mvm_repos\jakarta\annotation\jakarta.annotation-api\2.1.1\jakarta.annotation-api-2.1.1.jar;E:\develop\JAVA_preference\apache-maven-3.6.1\mvm_repos\org\yaml\snakeyaml\2.2\snakeyaml-2.2.jar;E:\develop\JAVA_preference\apache-maven-3.6.1\mvm_repos\org\springframework\boot\spring-boot-starter-json\3.3.1\spring-boot-starter-json-3.3.1.jar;E:\develop\JAVA_preference\apache-maven-3.6.1\mvm_repos\com\fasterxml\jackson\core\jackson-databind\2.17.1\jackson-databind-2.17.1.jar;E:\develop\JAVA_preference\apache-maven-3.6.1\mvm_repos\com\fasterxml\jackson\core\jackson-annotations\2.17.1\jackson-annotations-2.17.1.jar;E:\develop\JAVA_preference\apache-maven-3.6.1\mvm_repos\com\fasterxml\jackson\core\jackson-core\2.17.1\jackson-core-2.17.1.jar;E:\develop\JAVA_preference\apache-maven-3.6.1\mvm_repos\com\fasterxml\jackson\datatype\jackson-datatype-jdk8\2.17.1\jackson-datatype-jdk8-2.17.1.jar;E:\develop\JAVA_preference\apache-maven-3.6.1\mvm_repos\com\fasterxml\jackson\datatype\jackson-datatype-jsr310\2.17.1\jackson-datatype-jsr310-2.17.1.jar;E:\develop\JAVA_preference\apache-maven-3.6.1\mvm_repos\com\fasterxml\jackson\module\jackson-module-parameter-names\2.17.1\jackson-module-parameter-names-2.17.1.jar;E:\develop\JAVA_preference\apache-maven-3.6.1\mvm_repos\org\springframework\boot\spring-boot-starter-tomcat\3.3.1\spring-boot-starter-tomcat-3.3.1.jar;E:\develop\JAVA_preference\apache-maven-3.6.1\mvm_repos\org\apache\tomcat\embed\tomcat-embed-core\10.1.25\tomcat-embed-core-10.1.25.jar;E:\develop\JAVA_preference\apache-maven-3.6.1\mvm_repos\org\apache\tomcat\embed\tomcat-embed-el\10.1.25\tomcat-embed-el-10.1.25.jar;E:\develop\JAVA_preference\apache-maven-3.6.1\mvm_repos\org\apache\tomcat\embed\tomcat-embed-websocket\10.1.25\tomcat-embed-websocket-10.1.25.jar;E:\develop\JAVA_preference\apache-maven-3.6.1\mvm_repos\org\springframework\spring-web\6.1.10\spring-web-6.1.10.jar;E:\develop\JAVA_preference\apache-maven-3.6.1\mvm_repos\org\springframework\spring-beans\6.1.10\spring-beans-6.1.10.jar;E:\develop\JAVA_preference\apache-maven-3.6.1\mvm_repos\io\micrometer\micrometer-observation\1.13.1\micrometer-observation-1.13.1.jar;E:\develop\JAVA_preference\apache-maven-3.6.1\mvm_repos\io\micrometer\micrometer-commons\1.13.1\micrometer-commons-1.13.1.jar;E:\develop\JAVA_preference\apache-maven-3.6.1\mvm_repos\org\springframework\spring-webmvc\6.1.10\spring-webmvc-6.1.10.jar;E:\develop\JAVA_preference\apache-maven-3.6.1\mvm_repos\org\springframework\spring-aop\6.1.10\spring-aop-6.1.10.jar;E:\develop\JAVA_preference\apache-maven-3.6.1\mvm_repos\org\springframework\spring-context\6.1.10\spring-context-6.1.10.jar;E:\develop\JAVA_preference\apache-maven-3.6.1\mvm_repos\org\springframework\spring-expression\6.1.10\spring-expression-6.1.10.jar;E:\develop\JAVA_preference\apache-maven-3.6.1\mvm_repos\org\mybatis\spring\boot\mybatis-spring-boot-starter\3.0.3\mybatis-spring-boot-starter-3.0.3.jar;E:\develop\JAVA_preference\apache-maven-3.6.1\mvm_repos\org\mybatis\spring\boot\mybatis-spring-boot-autoconfigure\3.0.3\mybatis-spring-boot-autoconfigure-3.0.3.jar;E:\develop\JAVA_preference\apache-maven-3.6.1\mvm_repos\org\mybatis\mybatis\3.5.14\mybatis-3.5.14.jar;E:\develop\JAVA_preference\apache-maven-3.6.1\mvm_repos\org\mybatis\mybatis-spring\3.0.3\mybatis-spring-3.0.3.jar;E:\develop\JAVA_preference\apache-maven-3.6.1\mvm_repos\com\mysql\mysql-connector-j\8.3.0\mysql-connector-j-8.3.0.jar;E:\develop\JAVA_preference\apache-maven-3.6.1\mvm_repos\org\projectlombok\lombok\1.18.32\lombok-1.18.32.jar;E:\develop\JAVA_preference\apache-maven-3.6.1\mvm_repos\org\springframework\boot\spring-boot-starter-test\3.3.1\spring-boot-starter-test-3.3.1.jar;E:\develop\JAVA_preference\apache-maven-3.6.1\mvm_repos\org\springframework\boot\spring-boot-test\3.3.1\spring-boot-test-3.3.1.jar;E:\develop\JAVA_preference\apache-maven-3.6.1\mvm_repos\org\springframework\boot\spring-boot-test-autoconfigure\3.3.1\spring-boot-test-autoconfigure-3.3.1.jar;E:\develop\JAVA_preference\apache-maven-3.6.1\mvm_repos\com\jayway\jsonpath\json-path\2.9.0\json-path-2.9.0.jar;E:\develop\JAVA_preference\apache-maven-3.6.1\mvm_repos\jakarta\xml\bind\jakarta.xml.bind-api\4.0.2\jakarta.xml.bind-api-4.0.2.jar;E:\develop\JAVA_preference\apache-maven-3.6.1\mvm_repos\jakarta\activation\jakarta.activation-api\2.1.3\jakarta.activation-api-2.1.3.jar;E:\develop\JAVA_preference\apache-maven-3.6.1\mvm_repos\net\minidev\json-smart\2.5.1\json-smart-2.5.1.jar;E:\develop\JAVA_preference\apache-maven-3.6.1\mvm_repos\net\minidev\accessors-smart\2.5.1\accessors-smart-2.5.1.jar;E:\develop\JAVA_preference\apache-maven-3.6.1\mvm_repos\org\ow2\asm\asm\9.6\asm-9.6.jar;E:\develop\JAVA_preference\apache-maven-3.6.1\mvm_repos\org\assertj\assertj-core\3.25.3\assertj-core-3.25.3.jar;E:\develop\JAVA_preference\apache-maven-3.6.1\mvm_repos\net\bytebuddy\byte-buddy\1.14.17\byte-buddy-1.14.17.jar;E:\develop\JAVA_preference\apache-maven-3.6.1\mvm_repos\org\awaitility\awaitility\4.2.1\awaitility-4.2.1.jar;E:\develop\JAVA_preference\apache-maven-3.6.1\mvm_repos\org\hamcrest\hamcrest\2.2\hamcrest-2.2.jar;E:\develop\JAVA_preference\apache-maven-3.6.1\mvm_repos\org\junit\jupiter\junit-jupiter\5.10.2\junit-jupiter-5.10.2.jar;E:\develop\JAVA_preference\apache-maven-3.6.1\mvm_repos\org\junit\jupiter\junit-jupiter-api\5.10.2\junit-jupiter-api-5.10.2.jar;E:\develop\JAVA_preference\apache-maven-3.6.1\mvm_repos\org\opentest4j\opentest4j\1.3.0\opentest4j-1.3.0.jar;E:\develop\JAVA_preference\apache-maven-3.6.1\mvm_repos\org\junit\platform\junit-platform-commons\1.10.2\junit-platform-commons-1.10.2.jar;E:\develop\JAVA_preference\apache-maven-3.6.1\mvm_repos\org\apiguardian\apiguardian-api\1.1.2\apiguardian-api-1.1.2.jar;E:\develop\JAVA_preference\apache-maven-3.6.1\mvm_repos\org\junit\jupiter\junit-jupiter-params\5.10.2\junit-jupiter-params-5.10.2.jar;E:\develop\JAVA_preference\apache-maven-3.6.1\mvm_repos\org\junit\jupiter\junit-jupiter-engine\5.10.2\junit-jupiter-engine-5.10.2.jar;E:\develop\JAVA_preference\apache-maven-3.6.1\mvm_repos\org\junit\platform\junit-platform-engine\1.10.2\junit-platform-engine-1.10.2.jar;E:\develop\JAVA_preference\apache-maven-3.6.1\mvm_repos\org\mockito\mockito-core\5.11.0\mockito-core-5.11.0.jar;E:\develop\JAVA_preference\apache-maven-3.6.1\mvm_repos\net\bytebuddy\byte-buddy-agent\1.14.17\byte-buddy-agent-1.14.17.jar;E:\develop\JAVA_preference\apache-maven-3.6.1\mvm_repos\org\objenesis\objenesis\3.3\objenesis-3.3.jar;E:\develop\JAVA_preference\apache-maven-3.6.1\mvm_repos\org\mockito\mockito-junit-jupiter\5.11.0\mockito-junit-jupiter-5.11.0.jar;E:\develop\JAVA_preference\apache-maven-3.6.1\mvm_repos\org\skyscreamer\jsonassert\1.5.1\jsonassert-1.5.1.jar;E:\develop\JAVA_preference\apache-maven-3.6.1\mvm_repos\com\vaadin\external\google\android-json\0.0.20131108.vaadin1\android-json-0.0.20131108.vaadin1.jar;E:\develop\JAVA_preference\apache-maven-3.6.1\mvm_repos\org\springframework\spring-core\6.1.10\spring-core-6.1.10.jar;E:\develop\JAVA_preference\apache-maven-3.6.1\mvm_repos\org\springframework\spring-jcl\6.1.10\spring-jcl-6.1.10.jar;E:\develop\JAVA_preference\apache-maven-3.6.1\mvm_repos\org\springframework\spring-test\6.1.10\spring-test-6.1.10.jar;E:\develop\JAVA_preference\apache-maven-3.6.1\mvm_repos\org\xmlunit\xmlunit-core\2.9.1\xmlunit-core-2.9.1.jar;E:\develop\JAVA_preference\apache-maven-3.6.1\mvm_repos\org\mybatis\spring\boot\mybatis-spring-boot-starter-test\3.0.3\mybatis-spring-boot-starter-test-3.0.3.jar;E:\develop\JAVA_preference\apache-maven-3.6.1\mvm_repos\org\mybatis\spring\boot\mybatis-spring-boot-test-autoconfigure\3.0.3\mybatis-spring-boot-test-autoconfigure-3.0.3.jar;E:\develop\JAVA_preference\apache-maven-3.6.1\mvm_repos\org\springframework\spring-tx\6.1.10\spring-tx-6.1.10.jar;E:\develop\JAVA_preference\apache-maven-3.6.1\mvm_repos\org\springframework\boot\spring-boot-starter-jdbc\2.4.5\spring-boot-starter-jdbc-2.4.5.jar;E:\develop\JAVA_preference\apache-maven-3.6.1\mvm_repos\com\zaxxer\HikariCP\5.1.0\HikariCP-5.1.0.jar;E:\develop\JAVA_preference\apache-maven-3.6.1\mvm_repos\org\springframework\spring-jdbc\6.1.10\spring-jdbc-6.1.10.jar;E:\develop\JAVA_preference\apache-maven-3.6.1\mvm_repos\junit\junit\4.13.2\junit-4.13.2.jar;E:\develop\JAVA_preference\apache-maven-3.6.1\mvm_repos\org\hamcrest\hamcrest-core\2.2\hamcrest-core-2.2.jar;E:\develop\JAVA_preference\apache-maven-3.6.1\mvm_repos\com\alibaba\druid-spring-boot-starter\1.2.3\druid-spring-boot-starter-1.2.3.jar;E:\develop\JAVA_preference\apache-maven-3.6.1\mvm_repos\com\alibaba\druid\1.2.3\druid-1.2.3.jar;E:\develop\JAVA_preference\apache-maven-3.6.1\mvm_repos\javax\annotation\javax.annotation-api\1.3.2\javax.annotation-api-1.3.2.jar;E:\develop\JAVA_preference\apache-maven-3.6.1\mvm_repos\org\slf4j\slf4j-api\2.0.13\slf4j-api-2.0.13.jar;E:\develop\JAVA_preference\apache-maven-3.6.1\mvm_repos\org\springframework\boot\spring-boot-autoconfigure\3.3.1\spring-boot-autoconfigure-3.3.1.jar;"/>
    <property name="java.vm.vendor" value="Oracle Corporation"/>
    <property name="sun.arch.data.model" value="64"/>
    <property name="user.variant" value=""/>
    <property name="java.vendor.url" value="https://java.oracle.com/"/>
    <property name="user.timezone" value="GMT+08:00"/>
    <property name="os.name" value="Windows 11"/>
    <property name="java.vm.specification.version" value="22"/>
    <property name="sun.java.launcher" value="SUN_STANDARD"/>
    <property name="user.country" value="CN"/>
    <property name="sun.boot.library.path" value="C:\Users\17204\.jdks\openjdk-22.0.1\bin"/>
    <property name="sun.java.command" value="C:\Users\17204\AppData\Local\Temp\surefire5853770825403914672\surefirebooter-20240710213532597_3.jar C:\Users\17204\AppData\Local\Temp\surefire5853770825403914672 2024-07-10T21-35-32_512-jvmRun1 surefire-20240710213532597_1tmp surefire_0-20240710213532597_2tmp"/>
    <property name="jdk.debug" value="release"/>
    <property name="surefire.test.class.path" value="E:\develop\github\zhimou_band\zhimou_service\target\test-classes;E:\develop\github\zhimou_band\zhimou_service\target\classes;E:\develop\JAVA_preference\apache-maven-3.6.1\mvm_repos\org\springframework\boot\spring-boot-starter-web\3.3.1\spring-boot-starter-web-3.3.1.jar;E:\develop\JAVA_preference\apache-maven-3.6.1\mvm_repos\org\springframework\boot\spring-boot-starter\3.3.1\spring-boot-starter-3.3.1.jar;E:\develop\JAVA_preference\apache-maven-3.6.1\mvm_repos\org\springframework\boot\spring-boot\3.3.1\spring-boot-3.3.1.jar;E:\develop\JAVA_preference\apache-maven-3.6.1\mvm_repos\org\springframework\boot\spring-boot-starter-logging\3.3.1\spring-boot-starter-logging-3.3.1.jar;E:\develop\JAVA_preference\apache-maven-3.6.1\mvm_repos\ch\qos\logback\logback-classic\1.5.6\logback-classic-1.5.6.jar;E:\develop\JAVA_preference\apache-maven-3.6.1\mvm_repos\ch\qos\logback\logback-core\1.5.6\logback-core-1.5.6.jar;E:\develop\JAVA_preference\apache-maven-3.6.1\mvm_repos\org\apache\logging\log4j\log4j-to-slf4j\2.23.1\log4j-to-slf4j-2.23.1.jar;E:\develop\JAVA_preference\apache-maven-3.6.1\mvm_repos\org\apache\logging\log4j\log4j-api\2.23.1\log4j-api-2.23.1.jar;E:\develop\JAVA_preference\apache-maven-3.6.1\mvm_repos\org\slf4j\jul-to-slf4j\2.0.13\jul-to-slf4j-2.0.13.jar;E:\develop\JAVA_preference\apache-maven-3.6.1\mvm_repos\jakarta\annotation\jakarta.annotation-api\2.1.1\jakarta.annotation-api-2.1.1.jar;E:\develop\JAVA_preference\apache-maven-3.6.1\mvm_repos\org\yaml\snakeyaml\2.2\snakeyaml-2.2.jar;E:\develop\JAVA_preference\apache-maven-3.6.1\mvm_repos\org\springframework\boot\spring-boot-starter-json\3.3.1\spring-boot-starter-json-3.3.1.jar;E:\develop\JAVA_preference\apache-maven-3.6.1\mvm_repos\com\fasterxml\jackson\core\jackson-databind\2.17.1\jackson-databind-2.17.1.jar;E:\develop\JAVA_preference\apache-maven-3.6.1\mvm_repos\com\fasterxml\jackson\core\jackson-annotations\2.17.1\jackson-annotations-2.17.1.jar;E:\develop\JAVA_preference\apache-maven-3.6.1\mvm_repos\com\fasterxml\jackson\core\jackson-core\2.17.1\jackson-core-2.17.1.jar;E:\develop\JAVA_preference\apache-maven-3.6.1\mvm_repos\com\fasterxml\jackson\datatype\jackson-datatype-jdk8\2.17.1\jackson-datatype-jdk8-2.17.1.jar;E:\develop\JAVA_preference\apache-maven-3.6.1\mvm_repos\com\fasterxml\jackson\datatype\jackson-datatype-jsr310\2.17.1\jackson-datatype-jsr310-2.17.1.jar;E:\develop\JAVA_preference\apache-maven-3.6.1\mvm_repos\com\fasterxml\jackson\module\jackson-module-parameter-names\2.17.1\jackson-module-parameter-names-2.17.1.jar;E:\develop\JAVA_preference\apache-maven-3.6.1\mvm_repos\org\springframework\boot\spring-boot-starter-tomcat\3.3.1\spring-boot-starter-tomcat-3.3.1.jar;E:\develop\JAVA_preference\apache-maven-3.6.1\mvm_repos\org\apache\tomcat\embed\tomcat-embed-core\10.1.25\tomcat-embed-core-10.1.25.jar;E:\develop\JAVA_preference\apache-maven-3.6.1\mvm_repos\org\apache\tomcat\embed\tomcat-embed-el\10.1.25\tomcat-embed-el-10.1.25.jar;E:\develop\JAVA_preference\apache-maven-3.6.1\mvm_repos\org\apache\tomcat\embed\tomcat-embed-websocket\10.1.25\tomcat-embed-websocket-10.1.25.jar;E:\develop\JAVA_preference\apache-maven-3.6.1\mvm_repos\org\springframework\spring-web\6.1.10\spring-web-6.1.10.jar;E:\develop\JAVA_preference\apache-maven-3.6.1\mvm_repos\org\springframework\spring-beans\6.1.10\spring-beans-6.1.10.jar;E:\develop\JAVA_preference\apache-maven-3.6.1\mvm_repos\io\micrometer\micrometer-observation\1.13.1\micrometer-observation-1.13.1.jar;E:\develop\JAVA_preference\apache-maven-3.6.1\mvm_repos\io\micrometer\micrometer-commons\1.13.1\micrometer-commons-1.13.1.jar;E:\develop\JAVA_preference\apache-maven-3.6.1\mvm_repos\org\springframework\spring-webmvc\6.1.10\spring-webmvc-6.1.10.jar;E:\develop\JAVA_preference\apache-maven-3.6.1\mvm_repos\org\springframework\spring-aop\6.1.10\spring-aop-6.1.10.jar;E:\develop\JAVA_preference\apache-maven-3.6.1\mvm_repos\org\springframework\spring-context\6.1.10\spring-context-6.1.10.jar;E:\develop\JAVA_preference\apache-maven-3.6.1\mvm_repos\org\springframework\spring-expression\6.1.10\spring-expression-6.1.10.jar;E:\develop\JAVA_preference\apache-maven-3.6.1\mvm_repos\org\mybatis\spring\boot\mybatis-spring-boot-starter\3.0.3\mybatis-spring-boot-starter-3.0.3.jar;E:\develop\JAVA_preference\apache-maven-3.6.1\mvm_repos\org\mybatis\spring\boot\mybatis-spring-boot-autoconfigure\3.0.3\mybatis-spring-boot-autoconfigure-3.0.3.jar;E:\develop\JAVA_preference\apache-maven-3.6.1\mvm_repos\org\mybatis\mybatis\3.5.14\mybatis-3.5.14.jar;E:\develop\JAVA_preference\apache-maven-3.6.1\mvm_repos\org\mybatis\mybatis-spring\3.0.3\mybatis-spring-3.0.3.jar;E:\develop\JAVA_preference\apache-maven-3.6.1\mvm_repos\com\mysql\mysql-connector-j\8.3.0\mysql-connector-j-8.3.0.jar;E:\develop\JAVA_preference\apache-maven-3.6.1\mvm_repos\org\projectlombok\lombok\1.18.32\lombok-1.18.32.jar;E:\develop\JAVA_preference\apache-maven-3.6.1\mvm_repos\org\springframework\boot\spring-boot-starter-test\3.3.1\spring-boot-starter-test-3.3.1.jar;E:\develop\JAVA_preference\apache-maven-3.6.1\mvm_repos\org\springframework\boot\spring-boot-test\3.3.1\spring-boot-test-3.3.1.jar;E:\develop\JAVA_preference\apache-maven-3.6.1\mvm_repos\org\springframework\boot\spring-boot-test-autoconfigure\3.3.1\spring-boot-test-autoconfigure-3.3.1.jar;E:\develop\JAVA_preference\apache-maven-3.6.1\mvm_repos\com\jayway\jsonpath\json-path\2.9.0\json-path-2.9.0.jar;E:\develop\JAVA_preference\apache-maven-3.6.1\mvm_repos\jakarta\xml\bind\jakarta.xml.bind-api\4.0.2\jakarta.xml.bind-api-4.0.2.jar;E:\develop\JAVA_preference\apache-maven-3.6.1\mvm_repos\jakarta\activation\jakarta.activation-api\2.1.3\jakarta.activation-api-2.1.3.jar;E:\develop\JAVA_preference\apache-maven-3.6.1\mvm_repos\net\minidev\json-smart\2.5.1\json-smart-2.5.1.jar;E:\develop\JAVA_preference\apache-maven-3.6.1\mvm_repos\net\minidev\accessors-smart\2.5.1\accessors-smart-2.5.1.jar;E:\develop\JAVA_preference\apache-maven-3.6.1\mvm_repos\org\ow2\asm\asm\9.6\asm-9.6.jar;E:\develop\JAVA_preference\apache-maven-3.6.1\mvm_repos\org\assertj\assertj-core\3.25.3\assertj-core-3.25.3.jar;E:\develop\JAVA_preference\apache-maven-3.6.1\mvm_repos\net\bytebuddy\byte-buddy\1.14.17\byte-buddy-1.14.17.jar;E:\develop\JAVA_preference\apache-maven-3.6.1\mvm_repos\org\awaitility\awaitility\4.2.1\awaitility-4.2.1.jar;E:\develop\JAVA_preference\apache-maven-3.6.1\mvm_repos\org\hamcrest\hamcrest\2.2\hamcrest-2.2.jar;E:\develop\JAVA_preference\apache-maven-3.6.1\mvm_repos\org\junit\jupiter\junit-jupiter\5.10.2\junit-jupiter-5.10.2.jar;E:\develop\JAVA_preference\apache-maven-3.6.1\mvm_repos\org\junit\jupiter\junit-jupiter-api\5.10.2\junit-jupiter-api-5.10.2.jar;E:\develop\JAVA_preference\apache-maven-3.6.1\mvm_repos\org\opentest4j\opentest4j\1.3.0\opentest4j-1.3.0.jar;E:\develop\JAVA_preference\apache-maven-3.6.1\mvm_repos\org\junit\platform\junit-platform-commons\1.10.2\junit-platform-commons-1.10.2.jar;E:\develop\JAVA_preference\apache-maven-3.6.1\mvm_repos\org\apiguardian\apiguardian-api\1.1.2\apiguardian-api-1.1.2.jar;E:\develop\JAVA_preference\apache-maven-3.6.1\mvm_repos\org\junit\jupiter\junit-jupiter-params\5.10.2\junit-jupiter-params-5.10.2.jar;E:\develop\JAVA_preference\apache-maven-3.6.1\mvm_repos\org\junit\jupiter\junit-jupiter-engine\5.10.2\junit-jupiter-engine-5.10.2.jar;E:\develop\JAVA_preference\apache-maven-3.6.1\mvm_repos\org\junit\platform\junit-platform-engine\1.10.2\junit-platform-engine-1.10.2.jar;E:\develop\JAVA_preference\apache-maven-3.6.1\mvm_repos\org\mockito\mockito-core\5.11.0\mockito-core-5.11.0.jar;E:\develop\JAVA_preference\apache-maven-3.6.1\mvm_repos\net\bytebuddy\byte-buddy-agent\1.14.17\byte-buddy-agent-1.14.17.jar;E:\develop\JAVA_preference\apache-maven-3.6.1\mvm_repos\org\objenesis\objenesis\3.3\objenesis-3.3.jar;E:\develop\JAVA_preference\apache-maven-3.6.1\mvm_repos\org\mockito\mockito-junit-jupiter\5.11.0\mockito-junit-jupiter-5.11.0.jar;E:\develop\JAVA_preference\apache-maven-3.6.1\mvm_repos\org\skyscreamer\jsonassert\1.5.1\jsonassert-1.5.1.jar;E:\develop\JAVA_preference\apache-maven-3.6.1\mvm_repos\com\vaadin\external\google\android-json\0.0.20131108.vaadin1\android-json-0.0.20131108.vaadin1.jar;E:\develop\JAVA_preference\apache-maven-3.6.1\mvm_repos\org\springframework\spring-core\6.1.10\spring-core-6.1.10.jar;E:\develop\JAVA_preference\apache-maven-3.6.1\mvm_repos\org\springframework\spring-jcl\6.1.10\spring-jcl-6.1.10.jar;E:\develop\JAVA_preference\apache-maven-3.6.1\mvm_repos\org\springframework\spring-test\6.1.10\spring-test-6.1.10.jar;E:\develop\JAVA_preference\apache-maven-3.6.1\mvm_repos\org\xmlunit\xmlunit-core\2.9.1\xmlunit-core-2.9.1.jar;E:\develop\JAVA_preference\apache-maven-3.6.1\mvm_repos\org\mybatis\spring\boot\mybatis-spring-boot-starter-test\3.0.3\mybatis-spring-boot-starter-test-3.0.3.jar;E:\develop\JAVA_preference\apache-maven-3.6.1\mvm_repos\org\mybatis\spring\boot\mybatis-spring-boot-test-autoconfigure\3.0.3\mybatis-spring-boot-test-autoconfigure-3.0.3.jar;E:\develop\JAVA_preference\apache-maven-3.6.1\mvm_repos\org\springframework\spring-tx\6.1.10\spring-tx-6.1.10.jar;E:\develop\JAVA_preference\apache-maven-3.6.1\mvm_repos\org\springframework\boot\spring-boot-starter-jdbc\2.4.5\spring-boot-starter-jdbc-2.4.5.jar;E:\develop\JAVA_preference\apache-maven-3.6.1\mvm_repos\com\zaxxer\HikariCP\5.1.0\HikariCP-5.1.0.jar;E:\develop\JAVA_preference\apache-maven-3.6.1\mvm_repos\org\springframework\spring-jdbc\6.1.10\spring-jdbc-6.1.10.jar;E:\develop\JAVA_preference\apache-maven-3.6.1\mvm_repos\junit\junit\4.13.2\junit-4.13.2.jar;E:\develop\JAVA_preference\apache-maven-3.6.1\mvm_repos\org\hamcrest\hamcrest-core\2.2\hamcrest-core-2.2.jar;E:\develop\JAVA_preference\apache-maven-3.6.1\mvm_repos\com\alibaba\druid-spring-boot-starter\1.2.3\druid-spring-boot-starter-1.2.3.jar;E:\develop\JAVA_preference\apache-maven-3.6.1\mvm_repos\com\alibaba\druid\1.2.3\druid-1.2.3.jar;E:\develop\JAVA_preference\apache-maven-3.6.1\mvm_repos\javax\annotation\javax.annotation-api\1.3.2\javax.annotation-api-1.3.2.jar;E:\develop\JAVA_preference\apache-maven-3.6.1\mvm_repos\org\slf4j\slf4j-api\2.0.13\slf4j-api-2.0.13.jar;E:\develop\JAVA_preference\apache-maven-3.6.1\mvm_repos\org\springframework\boot\spring-boot-autoconfigure\3.3.1\spring-boot-autoconfigure-3.3.1.jar;"/>
    <property name="sun.cpu.endian" value="little"/>
    <property name="user.home" value="C:\Users\17204"/>
    <property name="user.language" value="zh"/>
    <property name="java.specification.vendor" value="Oracle Corporation"/>
    <property name="java.version.date" value="2024-04-16"/>
    <property name="java.home" value="C:\Users\17204\.jdks\openjdk-22.0.1"/>
    <property name="file.separator" value="\"/>
    <property name="basedir" value="E:\develop\github\zhimou_band\zhimou_service"/>
    <property name="java.vm.compressedOopsMode" value="Zero based"/>
    <property name="line.separator" value="&#10;"/>
    <property name="java.vm.specification.vendor" value="Oracle Corporation"/>
    <property name="java.specification.name" value="Java Platform API Specification"/>
    <property name="FILE_LOG_CHARSET" value="UTF-8"/>
    <property name="java.awt.headless" value="true"/>
    <property name="surefire.real.class.path" value="C:\Users\17204\AppData\Local\Temp\surefire5853770825403914672\surefirebooter-20240710213532597_3.jar"/>
    <property name="user.script" value=""/>
    <property name="sun.management.compiler" value="HotSpot 64-Bit Tiered Compilers"/>
    <property name="java.runtime.version" value="22.0.1+8-16"/>
    <property name="user.name" value="17204"/>
    <property name="stdout.encoding" value="GBK"/>
    <property name="path.separator" value=";"/>
    <property name="os.version" value="10.0"/>
    <property name="java.runtime.name" value="OpenJDK Runtime Environment"/>
    <property name="file.encoding" value="UTF-8"/>
    <property name="java.vm.name" value="OpenJDK 64-Bit Server VM"/>
    <property name="localRepository" value="E:\develop\JAVA_preference\apache-maven-3.6.1\mvm_repos"/>
    <property name="java.vendor.url.bug" value="https://bugreport.java.com/bugreport/"/>
    <property name="java.io.tmpdir" value="C:\Users\17204\AppData\Local\Temp\"/>
    <property name="idea.version" value="2023.3.6"/>
    <property name="java.version" value="22.0.1"/>
    <property name="user.dir" value="E:\develop\github\zhimou_band\zhimou_service"/>
    <property name="os.arch" value="amd64"/>
    <property name="java.vm.specification.name" value="Java Virtual Machine Specification"/>
    <property name="PID" value="45032"/>
    <property name="sun.os.patch.level" value=""/>
    <property name="CONSOLE_LOG_CHARSET" value="UTF-8"/>
    <property name="native.encoding" value="GBK"/>
    <property name="java.library.path" value="C:\Users\17204\.jdks\openjdk-22.0.1\bin;C:\WINDOWS\Sun\Java\bin;C:\WINDOWS\system32;C:\WINDOWS;C:\Program Files\Common Files\Oracle\Java\javapath;C:\Python312\Scripts\;C:\Python312\;E:\app\VM\bin\;C:\windows\system32;C:\windows;C:\windows\System32\Wbem;C:\windows\System32\WindowsPowerShell\v1.0\;C:\windows\System32\OpenSSH\;C:\Program Files (x86)\NVIDIA Corporation\PhysX\Common;C:\Program Files\NVIDIA Corporation\NVIDIA NvDLISR;C:\Users\Administrator\AppData\Local\Microsoft\WindowsApps;C:\Program Files\HP\OMEN-Broadcast\Common;C:\WINDOWS\system32;C:\WINDOWS;C:\WINDOWS\System32\Wbem;C:\WINDOWS\System32\WindowsPowerShell\v1.0\;C:\WINDOWS\System32\OpenSSH\;C:\Program Files\dotnet\;E:\Windows Kits\10\Windows Performance Toolkit\;E:\app\git\Git\cmd;E:\app\tortoiseGit\bin;C:\ProgramData\chocolatey\bin;E:\bin;&quot;E:\develop\JDK\bin;E:\develop\JDK\jre\bin&quot;;C:\Program Files\Microsoft SQL Server\Client SDK\ODBC\170\Tools\Binn\;C:\Program Files (x86)\Microsoft SQL Server\150\Tools\Binn\;C:\Program Files\Microsoft SQL Server\150\Tools\Binn\;C:\Program Files\Microsoft SQL Server\150\DTS\Binn\;C:\Program Files (x86)\Windows Kits\8.1\Windows Performance Toolkit\;E:\develop\JDK\bin;E:\develop\JAVA_preference\apache-maven-3.6.1\bin;E:\develop\nodejs\;E:\develop\mysql-8.0.31-winx64\mysql-8.0.31-winx64\bin;E:\develop\Xshell\;E:\develop\Anaconda3;E:\develop\Anaconda3\Library\mingw-w64\bin;E:\develop\Anaconda3\Library\usr\bin;E:\develop\Anaconda3\Library\bin;E:\develop\Anaconda3\Scripts;C:\Users\17204\AppData\Local\Microsoft\WindowsApps;C:\Users\17204\.dotnet\tools;C:\Users\17204\AppData\Local\GitHubDesktop\bin;E:\develop\Microsoft VS Code\bin;E:\develop\IDEA\IntelliJ IDEA 2023.3.6\bin;;E:\develop\datagrip\DataGrip 2024.1.2\bin;;E:\develop\pycharm\PyCharm 2020.1\bin;;C:\Users\17204\AppData\Roaming\npm;."/>
    <property name="java.vm.info" value="mixed mode, sharing"/>
    <property name="stderr.encoding" value="GBK"/>
    <property name="java.vendor" value="Oracle Corporation"/>
    <property name="java.vm.version" value="22.0.1+8-16"/>
    <property name="sun.io.unicode.encoding" value="UnicodeLittle"/>
    <property name="java.class.version" value="66.0"/>
    <property name="LOGGED_APPLICATION_NAME" value="[zhimou_service] "/>
  </properties>
  <testcase name="contextLoads" classname="com.zhimou.zhimou_service.ZhimouServiceApplicationTests" time="0.538">
    <system-out><![CDATA[21:35:33.171 [main] INFO org.springframework.test.context.support.AnnotationConfigContextLoaderUtils -- Could not detect default configuration classes for test class [com.zhimou.zhimou_service.ZhimouServiceApplicationTests]: ZhimouServiceApplicationTests does not declare any static, non-private, non-final, nested classes annotated with @Configuration.
21:35:33.240 [main] INFO org.springframework.boot.test.context.SpringBootTestContextBootstrapper -- Found @SpringBootConfiguration com.zhimou.zhimou_service.ZhimouServiceApplication for test class com.zhimou.zhimou_service.ZhimouServiceApplicationTests

  .   ____          _            __ _ _
 /\\ / ___'_ __ _ _(_)_ __  __ _ \ \ \ \
( ( )\___ | '_ | '_| | '_ \/ _` | \ \ \ \
 \\/  ___)| |_)| | | | | || (_| |  ) ) ) )
  '  |____| .__|_| |_|_| |_\__, | / / / /
 =========|_|==============|___/=/_/_/_/

 :: Spring Boot ::                (v3.3.1)

2024-07-10T21:35:33.604+08:00  INFO 45032 --- [zhimou_service] [           main] c.z.z.ZhimouServiceApplicationTests      : Starting ZhimouServiceApplicationTests using Java 22.0.1 with PID 45032 (started by 17204 in E:\develop\github\zhimou_band\zhimou_service)
2024-07-10T21:35:33.604+08:00  INFO 45032 --- [zhimou_service] [           main] c.z.z.ZhimouServiceApplicationTests      : No active profile set, falling back to 1 default profile: "default"
2024-07-10T21:35:34.634+08:00  INFO 45032 --- [zhimou_service] [           main] c.z.z.ZhimouServiceApplicationTests      : Started ZhimouServiceApplicationTests in 1.287 seconds (process running for 1.95)
]]></system-out>
    <system-err><![CDATA[WARNING: A Java agent has been loaded dynamically (E:\develop\JAVA_preference\apache-maven-3.6.1\mvm_repos\net\bytebuddy\byte-buddy-agent\1.14.17\byte-buddy-agent-1.14.17.jar)
WARNING: If a serviceability tool is in use, please run with -XX:+EnableDynamicAgentLoading to hide this warning
WARNING: If a serviceability tool is not in use, please run with -Djdk.instrument.traceUsage for more information
WARNING: Dynamic loading of agents will be disallowed by default in a future release
]]></system-err>
  </testcase>
</testsuite>